[2019-08-29 11:20:01][1] Processing: App\Jobs\SyncOneCProducts
[2019-08-29 11:20:20][1] Processed:  App\Jobs\SyncOneCProducts
[2019-08-29 11:20:20][2] Processing: App\Jobs\SyncOneCPrices
[2019-08-29 11:20:35][2] Processed:  App\Jobs\SyncOneCPrices
[2019-08-29 11:20:35][3] Processing: App\Jobs\SyncOneCStock
[2019-08-29 11:20:43][3] Processed:  App\Jobs\SyncOneCStock
[2019-08-29 11:20:43][4] Processing: App\Jobs\SyncAkeneoCategories
[2019-08-29 11:20:43][4] Processed:  App\Jobs\SyncAkeneoCategories
[2019-08-29 11:20:43][5] Processing: App\Jobs\SyncAkeneoProducts
[2019-08-29 11:20:48][5] Processed:  App\Jobs\SyncAkeneoProducts
[2019-08-29 11:20:48][6] Processing: App\Jobs\SyncOneCResponsiblePersons
[2019-08-29 11:20:48][6] Processed:  App\Jobs\SyncOneCResponsiblePersons
[2019-08-29 11:20:48][7] Processing: App\Jobs\SyncOneCCounterparties
[2019-08-29 11:20:48][7] Failed:     App\Jobs\SyncOneCCounterparties
[2019-08-29 11:31:15][8] Processing: App\Jobs\SyncOneCProducts
[2019-08-29 11:31:27][8] Processed:  App\Jobs\SyncOneCProducts
[2019-08-29 11:31:27][9] Processing: App\Jobs\SyncOneCPrices
[2019-08-29 11:31:40][9] Processed:  App\Jobs\SyncOneCPrices
[2019-08-29 11:31:40][10] Processing: App\Jobs\SyncOneCStock
[2019-08-29 11:31:46][10] Processed:  App\Jobs\SyncOneCStock
[2019-08-29 11:31:46][11] Processing: App\Jobs\SyncAkeneoCategories
[2019-08-29 11:31:52][11] Processed:  App\Jobs\SyncAkeneoCategories
[2019-08-29 11:31:52][12] Processing: App\Jobs\SyncAkeneoProducts
[2019-08-29 11:31:54][12] Processed:  App\Jobs\SyncAkeneoProducts
[2019-08-29 11:31:54][13] Processing: App\Jobs\SyncOneCResponsiblePersons
[2019-08-29 11:31:54][13] Processed:  App\Jobs\SyncOneCResponsiblePersons
[2019-08-29 11:31:54][14] Processing: App\Jobs\SyncOneCCounterparties
[2019-08-29 11:31:54][14] Failed:     App\Jobs\SyncOneCCounterparties
[2019-08-29 11:34:29][15] Processing: App\Jobs\SyncOneCProducts
[2019-08-29 11:34:41][15] Processed:  App\Jobs\SyncOneCProducts
[2019-08-29 11:34:41][16] Processing: App\Jobs\SyncOneCPrices
[2019-08-29 11:34:55][16] Processed:  App\Jobs\SyncOneCPrices
[2019-08-29 11:34:55][17] Processing: App\Jobs\SyncOneCStock
[2019-08-29 11:35:02][17] Processed:  App\Jobs\SyncOneCStock
[2019-08-29 11:35:02][18] Processing: App\Jobs\SyncAkeneoCategories
[2019-08-29 11:35:02][18] Processed:  App\Jobs\SyncAkeneoCategories
[2019-08-29 11:35:02][19] Processing: App\Jobs\SyncAkeneoProducts
[2019-08-29 11:35:04][19] Processed:  App\Jobs\SyncAkeneoProducts
[2019-08-29 11:35:04][20] Processing: App\Jobs\SyncOneCResponsiblePersons
[2019-08-29 11:35:04][20] Processed:  App\Jobs\SyncOneCResponsiblePersons
[2019-08-29 11:35:04][21] Processing: App\Jobs\SyncOneCCounterparties
[2019-08-29 11:35:05][21] Failed:     App\Jobs\SyncOneCCounterparties
[2019-08-29 11:36:20][22] Processing: App\Jobs\SyncOneCProducts
[2019-08-29 11:36:33][22] Processed:  App\Jobs\SyncOneCProducts
[2019-08-29 11:36:33][23] Processing: App\Jobs\SyncOneCPrices
[2019-08-29 11:36:52][23] Processed:  App\Jobs\SyncOneCPrices
[2019-08-29 11:36:52][24] Processing: App\Jobs\SyncOneCStock
[2019-08-29 11:36:58][24] Processed:  App\Jobs\SyncOneCStock
[2019-08-29 11:36:58][25] Processing: App\Jobs\SyncAkeneoCategories
[2019-08-29 11:36:58][25] Processed:  App\Jobs\SyncAkeneoCategories
[2019-08-29 11:36:58][26] Processing: App\Jobs\SyncAkeneoProducts
[2019-08-29 11:37:01][26] Processed:  App\Jobs\SyncAkeneoProducts
[2019-08-29 11:37:01][27] Processing: App\Jobs\SyncOneCResponsiblePersons
[2019-08-29 11:37:01][27] Processed:  App\Jobs\SyncOneCResponsiblePersons
[2019-08-29 11:37:01][28] Processing: App\Jobs\SyncOneCCounterparties
[2019-08-29 11:37:02][28] Processed:  App\Jobs\SyncOneCCounterparties
[2019-08-29 11:43:28][29] Processing: App\Jobs\SyncOneCCounterparties
[2019-08-29 11:43:29][29] Processed:  App\Jobs\SyncOneCCounterparties
[2019-08-29 11:44:12][30] Processing: App\Jobs\SyncOneCCounterparties
[2019-08-29 11:44:13][30] Processed:  App\Jobs\SyncOneCCounterparties
[2019-08-29 11:46:20][31] Processing: App\Jobs\SyncOneCCounterparties
[2019-08-29 11:46:21][31] Failed:     App\Jobs\SyncOneCCounterparties
[2019-08-29 11:50:24][32] Processing: App\Jobs\SyncOneCCounterparties
[2019-08-29 11:50:26][32] Processed:  App\Jobs\SyncOneCCounterparties
[2019-08-29 11:52:26][33] Processing: App\Jobs\SyncOneCCounterparties
[2019-08-29 11:52:30][33] Processed:  App\Jobs\SyncOneCCounterparties

In ProviderRepository.php line 208:
                                                                               
  Class 'Laravelrus\LocalizedCarbon\LocalizedCarbonServiceProvider' not found  
                                                                               


In ProviderRepository.php line 208:
                                                                               
  Class 'Laravelrus\LocalizedCarbon\LocalizedCarbonServiceProvider' not found  
                                                                               


In ProviderRepository.php line 208:
                                                                               
  Class 'Laravelrus\LocalizedCarbon\LocalizedCarbonServiceProvider' not found  
                                                                               


In ProviderRepository.php line 208:
                                                                               
  Class 'Laravelrus\LocalizedCarbon\LocalizedCarbonServiceProvider' not found  
                                                                               


In ProviderRepository.php line 208:
                                                                               
  Class 'Laravelrus\LocalizedCarbon\LocalizedCarbonServiceProvider' not found  
                                                                               


In ProviderRepository.php line 208:
                                                                               
  Class 'Laravelrus\LocalizedCarbon\LocalizedCarbonServiceProvider' not found  
                                                                               


In ProviderRepository.php line 208:
                                                                               
  Class 'Laravelrus\LocalizedCarbon\LocalizedCarbonServiceProvider' not found  
                                                                               


In ProviderRepository.php line 208:
                                                                               
  Class 'Laravelrus\LocalizedCarbon\LocalizedCarbonServiceProvider' not found  
                                                                               


In ProviderRepository.php line 208:
                                                                               
  Class 'Laravelrus\LocalizedCarbon\LocalizedCarbonServiceProvider' not found  
                                                                               


In ProviderRepository.php line 208:
                                                                               
  Class 'Laravelrus\LocalizedCarbon\LocalizedCarbonServiceProvider' not found  
                                                                               


In ProviderRepository.php line 208:
                                                                               
  Class 'Laravelrus\LocalizedCarbon\LocalizedCarbonServiceProvider' not found  
                                                                               


In ProviderRepository.php line 208:
                                                                               
  Class 'Laravelrus\LocalizedCarbon\LocalizedCarbonServiceProvider' not found  
                                                                               


In ProviderRepository.php line 208:
                                                                               
  Class 'Laravelrus\LocalizedCarbon\LocalizedCarbonServiceProvider' not found  
                                                                               


In ProviderRepository.php line 208:
                                                                               
  Class 'Laravelrus\LocalizedCarbon\LocalizedCarbonServiceProvider' not found  
                                                                               


In ProviderRepository.php line 208:
                                                                               
  Class 'Laravelrus\LocalizedCarbon\LocalizedCarbonServiceProvider' not found  
                                                                               


In ProviderRepository.php line 208:
                                                                               
  Class 'Laravelrus\LocalizedCarbon\LocalizedCarbonServiceProvider' not found  
                                                                               


In ProviderRepository.php line 208:
                                                                               
  Class 'Laravelrus\LocalizedCarbon\LocalizedCarbonServiceProvider' not found  
                                                                               


In ProviderRepository.php line 208:
                                                                               
  Class 'Laravelrus\LocalizedCarbon\LocalizedCarbonServiceProvider' not found  
                                                                               


In ProviderRepository.php line 208:
                                                                               
  Class 'Laravelrus\LocalizedCarbon\LocalizedCarbonServiceProvider' not found  
                                                                               


In ProviderRepository.php line 208:
                                                                               
  Class 'Laravelrus\LocalizedCarbon\LocalizedCarbonServiceProvider' not found  
                                                                               

[2019-10-04 13:03:17][1] Processing: App\Jobs\SyncOneCProducts
[2019-10-04 13:03:36][1] Processed:  App\Jobs\SyncOneCProducts
[2019-10-04 13:03:36][2] Processing: App\Jobs\SyncOneCPrices
[2019-10-04 13:04:01][2] Processed:  App\Jobs\SyncOneCPrices
[2019-10-04 13:04:01][3] Processing: App\Jobs\SyncOneCStock
[2019-10-04 13:04:10][3] Processed:  App\Jobs\SyncOneCStock
[2019-10-04 13:04:10][4] Processing: App\Jobs\SyncAkeneoCategories
[2019-10-04 13:04:12][4] Processed:  App\Jobs\SyncAkeneoCategories
[2019-10-04 13:04:12][5] Processing: App\Jobs\SyncAkeneoProducts
libpng warning: Interlace handling should be turned on when using png_read_image
libpng warning: iCCP: known incorrect sRGB profile
libpng warning: Interlace handling should be turned on when using png_read_image
libpng warning: Interlace handling should be turned on when using png_read_image
libpng warning: iCCP: known incorrect sRGB profile
libpng warning: iCCP: known incorrect sRGB profile
libpng warning: iCCP: known incorrect sRGB profile
[2019-10-04 13:35:32][5] Processed:  App\Jobs\SyncAkeneoProducts
[2019-10-04 13:35:32][6] Processing: App\Jobs\SyncOneCResponsiblePersons
[2019-10-04 13:35:33][6] Processed:  App\Jobs\SyncOneCResponsiblePersons
[2019-10-04 13:35:33][7] Processing: App\Jobs\SyncOneCCounterparties
[2019-10-04 13:35:34][7] Processed:  App\Jobs\SyncOneCCounterparties
[2019-10-04 14:30:04][1] Processing: App\Jobs\SyncOneCListDocuments
[2019-10-04 14:30:05][1] Failed:     App\Jobs\SyncOneCListDocuments
[2019-10-04 14:35:04][2] Processing: App\Jobs\SyncOneCListDocuments
[2019-10-04 14:35:04][2] Failed:     App\Jobs\SyncOneCListDocuments
[2019-10-07 11:25:04][1] Processing: App\Jobs\SyncOneCListDocuments
[2019-10-07 11:25:04][1] Failed:     App\Jobs\SyncOneCListDocuments
[2019-10-07 11:30:04][2] Processing: App\Jobs\SyncOneCListDocuments
[2019-10-07 11:30:04][2] Failed:     App\Jobs\SyncOneCListDocuments
[2019-10-08 10:15:04][1] Processing: App\Jobs\SyncOneCListDocuments
[2019-10-08 10:15:04][1] Failed:     App\Jobs\SyncOneCListDocuments
[2019-10-08 10:20:04][2] Processing: App\Jobs\SyncOneCListDocuments
[2019-10-08 10:20:04][2] Failed:     App\Jobs\SyncOneCListDocuments
[2019-10-08 10:25:04][3] Processing: App\Jobs\SyncOneCListDocuments
[2019-10-08 10:25:04][3] Failed:     App\Jobs\SyncOneCListDocuments
[2019-10-08 10:30:04][4] Processing: App\Jobs\SyncOneCListDocuments
[2019-10-08 10:30:04][4] Failed:     App\Jobs\SyncOneCListDocuments
[2019-10-08 10:35:04][5] Processing: App\Jobs\SyncOneCListDocuments
[2019-10-08 10:35:04][5] Failed:     App\Jobs\SyncOneCListDocuments
[2019-10-08 10:40:04][6] Processing: App\Jobs\SyncOneCListDocuments
[2019-10-08 10:40:04][6] Failed:     App\Jobs\SyncOneCListDocuments
[2019-10-08 10:45:04][7] Processing: App\Jobs\SyncOneCListDocuments
[2019-10-08 10:45:04][7] Failed:     App\Jobs\SyncOneCListDocuments
[2019-10-08 10:50:04][8] Processing: App\Jobs\SyncOneCListDocuments
[2019-10-08 10:50:04][8] Failed:     App\Jobs\SyncOneCListDocuments
[2019-10-08 10:55:04][9] Processing: App\Jobs\SyncOneCListDocuments
[2019-10-08 10:55:04][9] Failed:     App\Jobs\SyncOneCListDocuments
[2019-10-08 11:00:05][10] Processing: App\Jobs\SyncOneCListDocuments
[2019-10-08 11:00:05][10] Failed:     App\Jobs\SyncOneCListDocuments
[2019-10-08 11:05:04][11] Processing: App\Jobs\SyncOneCListDocuments
[2019-10-08 11:05:04][11] Failed:     App\Jobs\SyncOneCListDocuments
[2019-10-08 11:10:04][12] Processing: App\Jobs\SyncOneCListDocuments
[2019-10-08 11:10:04][12] Failed:     App\Jobs\SyncOneCListDocuments
[2019-10-08 11:15:04][13] Processing: App\Jobs\SyncOneCListDocuments
[2019-10-08 11:15:04][13] Failed:     App\Jobs\SyncOneCListDocuments
[2019-10-08 11:20:04][14] Processing: App\Jobs\SyncOneCListDocuments
[2019-10-08 11:20:04][14] Failed:     App\Jobs\SyncOneCListDocuments
[2019-10-08 11:35:05][15] Processing: App\Jobs\SyncOneCListDocuments
[2019-10-08 11:35:05][15] Failed:     App\Jobs\SyncOneCListDocuments
[2019-10-08 11:40:03][16] Processing: App\Jobs\SyncOneCListDocuments
[2019-10-08 11:40:03][16] Failed:     App\Jobs\SyncOneCListDocuments
[2019-10-08 11:45:04][17] Processing: App\Jobs\SyncOneCListDocuments
[2019-10-08 11:45:04][17] Failed:     App\Jobs\SyncOneCListDocuments
[2019-10-08 11:50:04][18] Processing: App\Jobs\SyncOneCListDocuments
[2019-10-08 11:50:04][18] Failed:     App\Jobs\SyncOneCListDocuments
[2019-10-08 11:55:04][19] Processing: App\Jobs\SyncOneCListDocuments
[2019-10-08 11:55:04][19] Failed:     App\Jobs\SyncOneCListDocuments
[2019-10-08 12:00:04][20] Processing: App\Jobs\SyncOneCListDocuments
[2019-10-08 12:00:04][20] Failed:     App\Jobs\SyncOneCListDocuments
[2019-10-08 12:05:04][21] Processing: App\Jobs\SyncOneCListDocuments
[2019-10-08 12:05:04][21] Failed:     App\Jobs\SyncOneCListDocuments
[2019-10-08 12:10:05][22] Processing: App\Jobs\SyncOneCListDocuments
[2019-10-08 12:10:05][22] Failed:     App\Jobs\SyncOneCListDocuments
[2019-10-08 12:15:04][23] Processing: App\Jobs\SyncOneCListDocuments
[2019-10-08 12:15:04][23] Failed:     App\Jobs\SyncOneCListDocuments
[2019-10-08 12:20:03][24] Processing: App\Jobs\SyncOneCListDocuments
[2019-10-08 12:20:03][24] Failed:     App\Jobs\SyncOneCListDocuments
[2019-10-08 12:25:04][25] Processing: App\Jobs\SyncOneCListDocuments
[2019-10-08 12:25:04][25] Failed:     App\Jobs\SyncOneCListDocuments
[2019-10-08 12:30:05][26] Processing: App\Jobs\SyncOneCListDocuments
[2019-10-08 12:30:05][26] Failed:     App\Jobs\SyncOneCListDocuments
[2019-10-08 12:45:04][27] Processing: App\Jobs\SyncOneCListDocuments
[2019-10-08 12:45:04][27] Failed:     App\Jobs\SyncOneCListDocuments
[2019-10-08 12:50:04][28] Processing: App\Jobs\SyncOneCListDocuments
[2019-10-08 12:50:04][28] Failed:     App\Jobs\SyncOneCListDocuments
[2019-10-09 15:35:05][1] Processing: App\Jobs\SyncOneCListDocuments
[2019-10-09 15:35:05][1] Failed:     App\Jobs\SyncOneCListDocuments
[2019-10-09 15:40:04][2] Processing: App\Jobs\SyncOneCListDocuments
[2019-10-09 15:40:04][2] Failed:     App\Jobs\SyncOneCListDocuments
[2019-10-09 15:45:04][3] Processing: App\Jobs\SyncOneCListDocuments
[2019-10-09 15:45:04][3] Failed:     App\Jobs\SyncOneCListDocuments
[2019-10-09 15:50:04][4] Processing: App\Jobs\SyncOneCListDocuments
[2019-10-09 15:50:04][4] Failed:     App\Jobs\SyncOneCListDocuments
[2019-10-09 15:55:04][5] Processing: App\Jobs\SyncOneCListDocuments
[2019-10-09 15:55:04][5] Failed:     App\Jobs\SyncOneCListDocuments
[2019-10-09 16:00:05][6] Processing: App\Jobs\SyncOneCListDocuments
[2019-10-09 16:00:05][6] Failed:     App\Jobs\SyncOneCListDocuments
[2019-10-11 08:35:04][1] Processing: App\Jobs\SyncOneCListDocuments
[2019-10-11 08:35:04][1] Failed:     App\Jobs\SyncOneCListDocuments
[2019-10-11 08:40:03][2] Processing: App\Jobs\SyncOneCListDocuments
[2019-10-11 08:40:03][2] Failed:     App\Jobs\SyncOneCListDocuments
[2019-10-11 08:45:05][3] Processing: App\Jobs\SyncOneCListDocuments
[2019-10-11 08:45:05][3] Failed:     App\Jobs\SyncOneCListDocuments
[2019-10-11 08:50:05][4] Processing: App\Jobs\SyncOneCListDocuments
[2019-10-11 08:50:05][4] Failed:     App\Jobs\SyncOneCListDocuments
[2019-10-11 08:55:05][5] Processing: App\Jobs\SyncOneCListDocuments
[2019-10-11 08:55:05][5] Failed:     App\Jobs\SyncOneCListDocuments
[2019-10-11 09:00:05][6] Processing: App\Jobs\SyncOneCListDocuments
[2019-10-11 09:00:05][6] Failed:     App\Jobs\SyncOneCListDocuments
[2019-10-11 09:05:05][7] Processing: App\Jobs\SyncOneCListDocuments
[2019-10-11 09:05:05][7] Failed:     App\Jobs\SyncOneCListDocuments
[2019-10-11 09:10:06][8] Processing: App\Jobs\SyncOneCListDocuments
[2019-10-11 09:10:06][8] Failed:     App\Jobs\SyncOneCListDocuments
[2019-10-11 09:15:03][9] Processing: App\Jobs\SyncOneCListDocuments
[2019-10-11 09:15:03][9] Failed:     App\Jobs\SyncOneCListDocuments
[2019-10-11 09:20:05][10] Processing: App\Jobs\SyncOneCListDocuments
[2019-10-11 09:20:05][10] Failed:     App\Jobs\SyncOneCListDocuments
[2019-10-11 09:25:04][11] Processing: App\Jobs\SyncOneCListDocuments
[2019-10-11 09:25:04][11] Failed:     App\Jobs\SyncOneCListDocuments
[2019-10-11 09:30:04][12] Processing: App\Jobs\SyncOneCListDocuments
[2019-10-11 09:30:04][12] Failed:     App\Jobs\SyncOneCListDocuments
[2019-10-11 09:35:04][13] Processing: App\Jobs\SyncOneCListDocuments
[2019-10-11 09:35:04][13] Failed:     App\Jobs\SyncOneCListDocuments
[2019-10-11 09:40:04][14] Processing: App\Jobs\SyncOneCListDocuments
[2019-10-11 09:40:04][14] Failed:     App\Jobs\SyncOneCListDocuments
[2019-10-11 10:00:48][15] Processing: App\Jobs\SyncOneCListDocuments
[2019-10-11 10:00:48][15] Failed:     App\Jobs\SyncOneCListDocuments
[2019-10-11 10:25:04][16] Processing: App\Jobs\SyncOneCListDocuments
[2019-10-11 10:25:04][16] Failed:     App\Jobs\SyncOneCListDocuments
[2019-10-11 10:30:04][17] Processing: App\Jobs\SyncOneCListDocuments
[2019-10-11 10:30:04][17] Failed:     App\Jobs\SyncOneCListDocuments
[2019-10-11 10:35:04][18] Processing: App\Jobs\SyncOneCListDocuments
[2019-10-11 10:35:04][18] Failed:     App\Jobs\SyncOneCListDocuments
[2019-10-11 12:50:06][1] Processing: App\Jobs\SyncOneCListDocuments
[2019-10-11 12:50:06][1] Failed:     App\Jobs\SyncOneCListDocuments
[2019-10-11 12:55:05][2] Processing: App\Jobs\SyncOneCListDocuments
[2019-10-11 12:55:05][2] Failed:     App\Jobs\SyncOneCListDocuments
[2019-10-11 13:00:04][3] Processing: App\Jobs\SyncOneCListDocuments
[2019-10-11 13:00:04][3] Failed:     App\Jobs\SyncOneCListDocuments
[2019-10-11 13:05:05][4] Processing: App\Jobs\SyncOneCListDocuments
[2019-10-11 13:05:05][4] Failed:     App\Jobs\SyncOneCListDocuments
[2019-10-11 13:10:04][5] Processing: App\Jobs\SyncOneCListDocuments
[2019-10-11 13:10:04][5] Failed:     App\Jobs\SyncOneCListDocuments
[2019-10-11 13:15:05][6] Processing: App\Jobs\SyncOneCListDocuments
[2019-10-11 13:15:05][6] Failed:     App\Jobs\SyncOneCListDocuments
[2019-10-11 13:20:04][7] Processing: App\Jobs\SyncOneCListDocuments
[2019-10-11 13:20:04][7] Failed:     App\Jobs\SyncOneCListDocuments
[2019-10-11 13:25:04][8] Processing: App\Jobs\SyncOneCListDocuments
[2019-10-11 13:25:04][8] Failed:     App\Jobs\SyncOneCListDocuments
[2019-10-11 13:30:03][9] Processing: App\Jobs\SyncOneCListDocuments
[2019-10-11 13:30:03][9] Failed:     App\Jobs\SyncOneCListDocuments
[2019-10-11 13:35:04][10] Processing: App\Jobs\SyncOneCListDocuments
[2019-10-11 13:35:04][10] Failed:     App\Jobs\SyncOneCListDocuments
[2019-10-11 13:40:04][11] Processing: App\Jobs\SyncOneCListDocuments
[2019-10-11 13:40:04][11] Failed:     App\Jobs\SyncOneCListDocuments
[2019-10-11 13:45:05][12] Processing: App\Jobs\SyncOneCListDocuments
[2019-10-11 13:45:05][12] Failed:     App\Jobs\SyncOneCListDocuments
[2019-10-11 13:50:03][13] Processing: App\Jobs\SyncOneCListDocuments
[2019-10-11 13:50:03][13] Failed:     App\Jobs\SyncOneCListDocuments
[2019-10-11 13:55:04][14] Processing: App\Jobs\SyncOneCListDocuments
[2019-10-11 13:55:04][14] Failed:     App\Jobs\SyncOneCListDocuments
[2019-10-11 14:00:04][15] Processing: App\Jobs\SyncOneCListDocuments
[2019-10-11 14:00:04][15] Failed:     App\Jobs\SyncOneCListDocuments
[2019-10-11 14:05:04][16] Processing: App\Jobs\SyncOneCListDocuments
[2019-10-11 14:05:04][16] Failed:     App\Jobs\SyncOneCListDocuments
[2019-10-11 14:10:04][17] Processing: App\Jobs\SyncOneCListDocuments
[2019-10-11 14:10:04][17] Failed:     App\Jobs\SyncOneCListDocuments
[2019-10-11 14:15:04][18] Processing: App\Jobs\SyncOneCListDocuments
[2019-10-11 14:15:04][18] Failed:     App\Jobs\SyncOneCListDocuments
[2019-10-11 14:20:05][19] Processing: App\Jobs\SyncOneCListDocuments
[2019-10-11 14:20:05][19] Failed:     App\Jobs\SyncOneCListDocuments
[2019-10-11 14:25:04][20] Processing: App\Jobs\SyncOneCListDocuments
[2019-10-11 14:25:04][20] Failed:     App\Jobs\SyncOneCListDocuments
[2019-10-11 14:30:05][21] Processing: App\Jobs\SyncOneCListDocuments
[2019-10-11 14:30:05][21] Failed:     App\Jobs\SyncOneCListDocuments
[2019-10-11 14:35:05][22] Processing: App\Jobs\SyncOneCListDocuments
[2019-10-11 14:35:05][22] Failed:     App\Jobs\SyncOneCListDocuments
[2019-10-11 14:40:05][23] Processing: App\Jobs\SyncOneCListDocuments
[2019-10-11 14:40:05][23] Failed:     App\Jobs\SyncOneCListDocuments
[2019-10-11 14:45:04][24] Processing: App\Jobs\SyncOneCListDocuments
[2019-10-11 14:45:04][24] Failed:     App\Jobs\SyncOneCListDocuments
[2019-10-11 14:50:04][25] Processing: App\Jobs\SyncOneCListDocuments
[2019-10-11 14:50:04][25] Failed:     App\Jobs\SyncOneCListDocuments
[2019-10-14 11:15:05][1] Processing: App\Jobs\SyncOneCListDocuments
[2019-10-14 11:15:05][1] Failed:     App\Jobs\SyncOneCListDocuments
[2019-10-14 11:20:05][1] Processing: App\Jobs\SyncOneCListDocuments
[2019-10-14 11:20:05][1] Failed:     App\Jobs\SyncOneCListDocuments
[2019-10-14 11:25:05][1] Processing: App\Jobs\SyncOneCListDocuments
[2019-10-14 11:25:05][1] Failed:     App\Jobs\SyncOneCListDocuments
[2019-10-14 11:30:04][2] Processing: App\Jobs\SyncOneCListDocuments
[2019-10-14 11:30:04][2] Failed:     App\Jobs\SyncOneCListDocuments
[2019-10-14 11:35:05][3] Processing: App\Jobs\SyncOneCListDocuments
[2019-10-14 11:35:05][3] Failed:     App\Jobs\SyncOneCListDocuments
[2019-10-14 11:40:05][4] Processing: App\Jobs\SyncOneCListDocuments
[2019-10-14 11:40:05][4] Failed:     App\Jobs\SyncOneCListDocuments
[2019-10-14 11:45:04][5] Processing: App\Jobs\SyncOneCListDocuments
[2019-10-14 11:45:04][5] Failed:     App\Jobs\SyncOneCListDocuments
[2019-10-14 11:50:04][6] Processing: App\Jobs\SyncOneCListDocuments
[2019-10-14 11:50:04][6] Failed:     App\Jobs\SyncOneCListDocuments
[2019-10-14 11:55:05][7] Processing: App\Jobs\SyncOneCListDocuments
[2019-10-14 11:55:05][7] Failed:     App\Jobs\SyncOneCListDocuments
[2019-10-14 12:00:05][8] Processing: App\Jobs\SyncOneCListDocuments
[2019-10-14 12:00:05][8] Failed:     App\Jobs\SyncOneCListDocuments
[2019-10-14 12:05:04][9] Processing: App\Jobs\SyncOneCListDocuments
[2019-10-14 12:05:04][9] Failed:     App\Jobs\SyncOneCListDocuments
[2019-10-14 12:10:04][10] Processing: App\Jobs\SyncOneCListDocuments
[2019-10-14 12:10:04][10] Failed:     App\Jobs\SyncOneCListDocuments
[2019-10-14 12:15:04][11] Processing: App\Jobs\SyncOneCListDocuments
[2019-10-14 12:15:04][11] Failed:     App\Jobs\SyncOneCListDocuments
[2019-10-14 12:20:05][12] Processing: App\Jobs\SyncOneCListDocuments
[2019-10-14 12:20:05][12] Failed:     App\Jobs\SyncOneCListDocuments
[2019-10-14 12:25:05][13] Processing: App\Jobs\SyncOneCListDocuments
[2019-10-14 12:25:05][13] Failed:     App\Jobs\SyncOneCListDocuments
[2019-10-14 12:30:04][14] Processing: App\Jobs\SyncOneCListDocuments
[2019-10-14 12:30:04][14] Failed:     App\Jobs\SyncOneCListDocuments
[2019-10-14 12:35:05][15] Processing: App\Jobs\SyncOneCListDocuments
[2019-10-14 12:35:05][15] Failed:     App\Jobs\SyncOneCListDocuments
[2019-10-14 12:40:04][16] Processing: App\Jobs\SyncOneCListDocuments
[2019-10-14 12:40:04][16] Failed:     App\Jobs\SyncOneCListDocuments
[2019-10-14 12:45:04][17] Processing: App\Jobs\SyncOneCListDocuments
[2019-10-14 12:45:04][17] Failed:     App\Jobs\SyncOneCListDocuments
[2019-10-15 11:20:05][1] Processing: App\Jobs\SyncOneCListDocuments
[2019-10-15 11:20:05][1] Failed:     App\Jobs\SyncOneCListDocuments
[2019-10-15 11:25:05][2] Processing: App\Jobs\SyncOneCListDocuments
[2019-10-15 11:25:05][2] Failed:     App\Jobs\SyncOneCListDocuments
[2019-10-15 11:30:04][3] Processing: App\Jobs\SyncOneCListDocuments
[2019-10-15 11:30:04][3] Failed:     App\Jobs\SyncOneCListDocuments
[2019-10-15 11:35:04][4] Processing: App\Jobs\SyncOneCListDocuments
[2019-10-15 11:35:04][4] Failed:     App\Jobs\SyncOneCListDocuments
[2019-10-15 11:45:05][5] Processing: App\Jobs\SyncOneCListDocuments
[2019-10-15 11:45:05][5] Failed:     App\Jobs\SyncOneCListDocuments
[2019-10-15 11:50:05][6] Processing: App\Jobs\SyncOneCListDocuments
[2019-10-15 11:50:05][6] Failed:     App\Jobs\SyncOneCListDocuments
[2019-10-15 11:55:04][7] Processing: App\Jobs\SyncOneCListDocuments
[2019-10-15 11:55:04][7] Failed:     App\Jobs\SyncOneCListDocuments
[2019-10-15 12:00:04][8] Processing: App\Jobs\SyncOneCListDocuments
[2019-10-15 12:00:04][8] Failed:     App\Jobs\SyncOneCListDocuments
[2019-10-15 12:05:05][9] Processing: App\Jobs\SyncOneCListDocuments
[2019-10-15 12:05:05][9] Failed:     App\Jobs\SyncOneCListDocuments
[2019-10-15 12:10:05][10] Processing: App\Jobs\SyncOneCListDocuments
[2019-10-15 12:10:05][10] Failed:     App\Jobs\SyncOneCListDocuments
[2019-10-15 12:15:04][11] Processing: App\Jobs\SyncOneCListDocuments
[2019-10-15 12:15:04][11] Failed:     App\Jobs\SyncOneCListDocuments
[2019-10-15 12:20:04][12] Processing: App\Jobs\SyncOneCListDocuments
[2019-10-15 12:20:04][12] Failed:     App\Jobs\SyncOneCListDocuments
[2019-10-15 12:25:04][13] Processing: App\Jobs\SyncOneCListDocuments
[2019-10-15 12:25:04][13] Failed:     App\Jobs\SyncOneCListDocuments
[2019-10-15 12:30:03][14] Processing: App\Jobs\SyncOneCListDocuments
[2019-10-15 12:30:03][14] Failed:     App\Jobs\SyncOneCListDocuments
[2019-10-15 12:35:03][15] Processing: App\Jobs\SyncOneCListDocuments
[2019-10-15 12:35:03][15] Failed:     App\Jobs\SyncOneCListDocuments
[2019-10-15 12:40:04][16] Processing: App\Jobs\SyncOneCListDocuments
[2019-10-15 12:40:04][16] Failed:     App\Jobs\SyncOneCListDocuments
[2019-10-15 12:45:04][17] Processing: App\Jobs\SyncOneCListDocuments
[2019-10-15 12:45:04][17] Failed:     App\Jobs\SyncOneCListDocuments
[2019-10-15 12:50:03][18] Processing: App\Jobs\SyncOneCListDocuments
[2019-10-15 12:50:03][18] Failed:     App\Jobs\SyncOneCListDocuments
[2019-10-15 13:05:03][19] Processing: App\Jobs\SyncOneCListDocuments
[2019-10-15 13:05:03][19] Failed:     App\Jobs\SyncOneCListDocuments
[2019-10-15 13:10:03][20] Processing: App\Jobs\SyncOneCListDocuments
[2019-10-15 13:10:03][20] Failed:     App\Jobs\SyncOneCListDocuments
[2019-10-15 13:15:04][21] Processing: App\Jobs\SyncOneCListDocuments
[2019-10-15 13:15:04][21] Failed:     App\Jobs\SyncOneCListDocuments
[2019-10-15 13:20:03][22] Processing: App\Jobs\SyncOneCListDocuments
[2019-10-15 13:20:03][22] Failed:     App\Jobs\SyncOneCListDocuments
[2019-10-15 13:25:05][23] Processing: App\Jobs\SyncOneCListDocuments
[2019-10-15 13:25:05][23] Failed:     App\Jobs\SyncOneCListDocuments
[2019-10-15 13:30:04][24] Processing: App\Jobs\SyncOneCListDocuments
[2019-10-15 13:30:04][24] Failed:     App\Jobs\SyncOneCListDocuments
[2019-10-15 13:35:04][25] Processing: App\Jobs\SyncOneCListDocuments
[2019-10-15 13:35:04][25] Failed:     App\Jobs\SyncOneCListDocuments
[2019-10-15 13:55:04][26] Processing: App\Jobs\SyncOneCListDocuments
[2019-10-15 13:55:04][26] Failed:     App\Jobs\SyncOneCListDocuments
[2019-10-15 14:00:05][27] Processing: App\Jobs\SyncOneCListDocuments
[2019-10-15 14:00:05][27] Failed:     App\Jobs\SyncOneCListDocuments
[2019-10-15 14:05:04][28] Processing: App\Jobs\SyncOneCListDocuments
[2019-10-15 14:05:04][28] Failed:     App\Jobs\SyncOneCListDocuments
[2019-10-15 14:10:04][29] Processing: App\Jobs\SyncOneCListDocuments
[2019-10-15 14:10:04][29] Failed:     App\Jobs\SyncOneCListDocuments
[2019-10-15 14:15:04][30] Processing: App\Jobs\SyncOneCListDocuments
[2019-10-15 14:15:04][30] Failed:     App\Jobs\SyncOneCListDocuments
[2019-10-15 14:20:04][31] Processing: App\Jobs\SyncOneCListDocuments
[2019-10-15 14:20:04][31] Failed:     App\Jobs\SyncOneCListDocuments
[2019-10-15 14:25:04][32] Processing: App\Jobs\SyncOneCListDocuments
[2019-10-15 14:25:04][32] Failed:     App\Jobs\SyncOneCListDocuments
[2019-10-15 14:30:04][33] Processing: App\Jobs\SyncOneCListDocuments
[2019-10-15 14:30:04][33] Failed:     App\Jobs\SyncOneCListDocuments
[2019-10-15 14:35:04][34] Processing: App\Jobs\SyncOneCListDocuments
[2019-10-15 14:35:04][34] Failed:     App\Jobs\SyncOneCListDocuments
[2019-10-15 14:40:04][35] Processing: App\Jobs\SyncOneCListDocuments
[2019-10-15 14:40:04][35] Failed:     App\Jobs\SyncOneCListDocuments
[2019-10-15 14:45:05][36] Processing: App\Jobs\SyncOneCListDocuments
[2019-10-15 14:45:05][36] Failed:     App\Jobs\SyncOneCListDocuments
[2019-10-15 14:50:05][37] Processing: App\Jobs\SyncOneCListDocuments
[2019-10-15 14:50:05][37] Failed:     App\Jobs\SyncOneCListDocuments
[2019-10-15 14:55:05][38] Processing: App\Jobs\SyncOneCListDocuments
[2019-10-15 14:55:05][38] Failed:     App\Jobs\SyncOneCListDocuments
[2019-10-15 15:00:04][39] Processing: App\Jobs\SyncOneCListDocuments
[2019-10-15 15:00:04][39] Failed:     App\Jobs\SyncOneCListDocuments
[2019-10-15 15:05:05][40] Processing: App\Jobs\SyncOneCListDocuments
[2019-10-15 15:05:05][40] Failed:     App\Jobs\SyncOneCListDocuments
[2019-10-15 15:10:04][41] Processing: App\Jobs\SyncOneCListDocuments
[2019-10-15 15:10:04][41] Failed:     App\Jobs\SyncOneCListDocuments
[2019-10-15 15:15:04][42] Processing: App\Jobs\SyncOneCListDocuments
[2019-10-15 15:15:04][42] Failed:     App\Jobs\SyncOneCListDocuments
[2019-10-15 15:20:05][43] Processing: App\Jobs\SyncOneCListDocuments
[2019-10-15 15:20:05][43] Failed:     App\Jobs\SyncOneCListDocuments
[2019-10-15 15:25:04][44] Processing: App\Jobs\SyncOneCListDocuments
[2019-10-15 15:25:04][44] Failed:     App\Jobs\SyncOneCListDocuments
[2019-10-15 15:30:04][45] Processing: App\Jobs\SyncOneCListDocuments
[2019-10-15 15:30:04][45] Failed:     App\Jobs\SyncOneCListDocuments
[2019-10-15 15:50:04][46] Processing: App\Jobs\SyncOneCListDocuments
[2019-10-15 15:50:04][46] Failed:     App\Jobs\SyncOneCListDocuments
[2019-10-17 08:35:07][1] Processing: App\Jobs\SyncOneCListDocuments
[2019-10-17 08:35:07][1] Failed:     App\Jobs\SyncOneCListDocuments

In ProviderRepository.php line 208:
                                                                           
  Class 'KarmaDigital\OneCAPI\Providers\OneCAPIServiceProvider' not found  
                                                                           


In ProviderRepository.php line 208:
                                                                           
  Class 'KarmaDigital\OneCAPI\Providers\OneCAPIServiceProvider' not found  
                                                                           


In ProviderRepository.php line 208:
                                                                           
  Class 'KarmaDigital\OneCAPI\Providers\OneCAPIServiceProvider' not found  
                                                                           


In ProviderRepository.php line 208:
                                                                           
  Class 'KarmaDigital\OneCAPI\Providers\OneCAPIServiceProvider' not found  
                                                                           


In ProviderRepository.php line 208:
                                                                           
  Class 'KarmaDigital\OneCAPI\Providers\OneCAPIServiceProvider' not found  
                                                                           


In ProviderRepository.php line 208:
                                                                           
  Class 'KarmaDigital\OneCAPI\Providers\OneCAPIServiceProvider' not found  
                                                                           


In ProviderRepository.php line 208:
                                                                           
  Class 'KarmaDigital\OneCAPI\Providers\OneCAPIServiceProvider' not found  
                                                                           


In ProviderRepository.php line 208:
                                                                           
  Class 'KarmaDigital\OneCAPI\Providers\OneCAPIServiceProvider' not found  
                                                                           


In ProviderRepository.php line 208:
                                                                           
  Class 'KarmaDigital\OneCAPI\Providers\OneCAPIServiceProvider' not found  
                                                                           


In ProviderRepository.php line 208:
                                                                           
  Class 'KarmaDigital\OneCAPI\Providers\OneCAPIServiceProvider' not found  
                                                                           


In ProviderRepository.php line 208:
                                                                           
  Class 'KarmaDigital\OneCAPI\Providers\OneCAPIServiceProvider' not found  
                                                                           


In ProviderRepository.php line 208:
                                                                           
  Class 'KarmaDigital\OneCAPI\Providers\OneCAPIServiceProvider' not found  
                                                                           


In ProviderRepository.php line 208:
                                                                           
  Class 'KarmaDigital\OneCAPI\Providers\OneCAPIServiceProvider' not found  
                                                                           


In ProviderRepository.php line 208:
                                                                           
  Class 'KarmaDigital\OneCAPI\Providers\OneCAPIServiceProvider' not found  
                                                                           


In ProviderRepository.php line 208:
                                                                           
  Class 'KarmaDigital\OneCAPI\Providers\OneCAPIServiceProvider' not found  
                                                                           


In ProviderRepository.php line 208:
                                                                           
  Class 'KarmaDigital\OneCAPI\Providers\OneCAPIServiceProvider' not found  
                                                                           



In ProviderRepository.php line 208:
                                                                           
  Class 'KarmaDigital\OneCAPI\Providers\OneCAPIServiceProvider' not found  
                                                                           

In ProviderRepository.php line 208:
                                                                           
  Class 'KarmaDigital\OneCAPI\Providers\OneCAPIServiceProvider' not found  
                                                                           


In ProviderRepository.php line 208:
                                                                           
  Class 'KarmaDigital\OneCAPI\Providers\OneCAPIServiceProvider' not found  
                                                                           


In ProviderRepository.php line 208:
                                                                           
  Class 'KarmaDigital\OneCAPI\Providers\OneCAPIServiceProvider' not found  
                                                                           


In ProviderRepository.php line 208:
                                                                           
  Class 'KarmaDigital\OneCAPI\Providers\OneCAPIServiceProvider' not found  
                                                                           


In ProviderRepository.php line 208:
                                                                           
  Class 'KarmaDigital\OneCAPI\Providers\OneCAPIServiceProvider' not found  
                                                                           


In ProviderRepository.php line 208:
                                                                           
  Class 'KarmaDigital\OneCAPI\Providers\OneCAPIServiceProvider' not found  
                                                                           


In ProviderRepository.php line 208:
                                                                           
  Class 'KarmaDigital\OneCAPI\Providers\OneCAPIServiceProvider' not found  
                                                                           


In ProviderRepository.php line 208:
                                                                           
  Class 'KarmaDigital\OneCAPI\Providers\OneCAPIServiceProvider' not found  
                                                                           


In ProviderRepository.php line 208:
                                                                           
  Class 'KarmaDigital\OneCAPI\Providers\OneCAPIServiceProvider' not found  
                                                                           


In ProviderRepository.php line 208:
                                                                           
  Class 'KarmaDigital\OneCAPI\Providers\OneCAPIServiceProvider' not found  
                                                                           

[2019-10-24 13:40:04][1] Processing: App\Jobs\SyncOneCListDocuments
[2019-10-24 13:40:04][1] Failed:     App\Jobs\SyncOneCListDocuments
[2019-10-24 13:45:04][2] Processing: App\Jobs\SyncOneCListDocuments
[2019-10-24 13:45:04][2] Failed:     App\Jobs\SyncOneCListDocuments
[2019-10-24 13:50:04][3] Processing: App\Jobs\SyncOneCListDocuments
[2019-10-24 13:50:04][3] Failed:     App\Jobs\SyncOneCListDocuments
[2019-10-24 13:55:04][4] Processing: App\Jobs\SyncOneCListDocuments
[2019-10-24 13:55:04][4] Failed:     App\Jobs\SyncOneCListDocuments
[2019-10-24 14:00:04][5] Processing: App\Jobs\SyncOneCListDocuments
[2019-10-24 14:00:04][5] Failed:     App\Jobs\SyncOneCListDocuments
[2019-10-24 14:05:05][6] Processing: App\Jobs\SyncOneCListDocuments
[2019-10-24 14:05:05][6] Failed:     App\Jobs\SyncOneCListDocuments
[2019-10-24 14:10:05][7] Processing: App\Jobs\SyncOneCListDocuments
[2019-10-24 14:10:05][7] Failed:     App\Jobs\SyncOneCListDocuments
[2019-10-24 14:15:04][8] Processing: App\Jobs\SyncOneCListDocuments
[2019-10-24 14:15:04][8] Failed:     App\Jobs\SyncOneCListDocuments
[2019-10-24 14:20:05][9] Processing: App\Jobs\SyncOneCListDocuments
[2019-10-24 14:20:05][9] Failed:     App\Jobs\SyncOneCListDocuments
[2019-10-24 14:25:04][10] Processing: App\Jobs\SyncOneCListDocuments
[2019-10-24 14:25:04][10] Failed:     App\Jobs\SyncOneCListDocuments
[2019-10-24 14:30:03][11] Processing: App\Jobs\SyncOneCListDocuments
[2019-10-24 14:30:03][11] Failed:     App\Jobs\SyncOneCListDocuments
[2019-10-24 14:35:04][12] Processing: App\Jobs\SyncOneCListDocuments
[2019-10-24 14:35:04][12] Failed:     App\Jobs\SyncOneCListDocuments
[2019-10-24 14:40:04][13] Processing: App\Jobs\SyncOneCListDocuments
[2019-10-24 14:40:04][13] Failed:     App\Jobs\SyncOneCListDocuments
[2019-10-24 14:55:04][14] Processing: App\Jobs\SyncOneCListDocuments
[2019-10-24 14:55:04][14] Failed:     App\Jobs\SyncOneCListDocuments
[2019-10-24 15:00:04][15] Processing: App\Jobs\SyncOneCListDocuments
[2019-10-24 15:00:04][15] Failed:     App\Jobs\SyncOneCListDocuments
[2019-10-24 15:05:04][16] Processing: App\Jobs\SyncOneCListDocuments
[2019-10-24 15:05:04][16] Failed:     App\Jobs\SyncOneCListDocuments
[2019-10-24 15:10:04][17] Processing: App\Jobs\SyncOneCListDocuments
[2019-10-24 15:10:04][17] Failed:     App\Jobs\SyncOneCListDocuments
[2019-10-24 15:15:05][18] Processing: App\Jobs\SyncOneCListDocuments
[2019-10-24 15:15:05][18] Failed:     App\Jobs\SyncOneCListDocuments
[2019-10-28 15:25:04][1] Processing: App\Jobs\SyncOneCListDocuments
[2019-10-28 15:25:04][1] Failed:     App\Jobs\SyncOneCListDocuments
[2019-10-28 15:30:05][2] Processing: App\Jobs\SyncOneCListDocuments
[2019-10-28 15:30:05][2] Failed:     App\Jobs\SyncOneCListDocuments
[2019-10-28 15:35:06][3] Processing: App\Jobs\SyncOneCListDocuments
[2019-10-28 15:35:06][3] Failed:     App\Jobs\SyncOneCListDocuments
[2019-10-28 15:40:04][4] Processing: App\Jobs\SyncOneCListDocuments
[2019-10-28 15:40:04][4] Failed:     App\Jobs\SyncOneCListDocuments
[2019-10-28 15:45:04][12034] Processing: App\Jobs\SyncOneCListDocuments
[2019-10-28 15:45:15][12034] Processed:  App\Jobs\SyncOneCListDocuments
[2019-10-28 15:50:04][12035] Processing: App\Jobs\SyncOneCListDocuments
[2019-10-28 15:50:09][12035] Processed:  App\Jobs\SyncOneCListDocuments
[2019-10-30 15:45:06][1] Processing: App\Jobs\SyncOneCListDocuments
[2019-10-30 15:45:06][1] Failed:     App\Jobs\SyncOneCListDocuments
[2019-10-30 15:50:04][2] Processing: App\Jobs\SyncOneCListDocuments
[2019-10-30 15:50:04][2] Failed:     App\Jobs\SyncOneCListDocuments
[2019-10-30 15:55:04][3] Processing: App\Jobs\SyncOneCListDocuments
[2019-10-30 15:55:05][3] Failed:     App\Jobs\SyncOneCListDocuments
[2019-10-30 16:00:06][4] Processing: App\Jobs\SyncOneCListDocuments
[2019-10-30 16:00:11][4] Failed:     App\Jobs\SyncOneCListDocuments
[2019-10-30 16:05:03][5] Processing: App\Jobs\SyncOneCListDocuments
[2019-10-30 16:05:03][5] Failed:     App\Jobs\SyncOneCListDocuments
[2019-10-30 16:10:04][6] Processing: App\Jobs\SyncOneCListDocuments
[2019-10-30 16:10:04][6] Failed:     App\Jobs\SyncOneCListDocuments
[2019-10-30 16:18:34][7] Processing: App\Jobs\SyncOneCListDocuments
[2019-10-30 16:18:35][7] Failed:     App\Jobs\SyncOneCListDocuments
[2019-10-30 16:20:04][8] Processing: App\Jobs\SyncOneCListDocuments
[2019-10-30 16:20:04][8] Failed:     App\Jobs\SyncOneCListDocuments
[2019-10-31 10:22:32][1] Processing: App\Jobs\SyncOneCListDocuments
[2019-10-31 10:22:32][1] Failed:     App\Jobs\SyncOneCListDocuments
[2019-10-31 10:22:32][2] Processing: App\Jobs\SyncOneCListDocuments
[2019-10-31 10:22:32][2] Failed:     App\Jobs\SyncOneCListDocuments
[2019-10-31 10:22:32][3] Processing: App\Jobs\SyncOneCListDocuments
[2019-10-31 10:22:32][3] Failed:     App\Jobs\SyncOneCListDocuments
[2019-10-31 10:22:32][4] Processing: App\Jobs\SyncOneCListDocuments
[2019-10-31 10:22:32][4] Failed:     App\Jobs\SyncOneCListDocuments
[2019-10-31 10:22:32][5] Processing: App\Jobs\SyncOneCListDocuments
[2019-10-31 10:22:32][5] Failed:     App\Jobs\SyncOneCListDocuments
[2019-10-31 10:22:32][6] Processing: App\Jobs\SyncOneCListDocuments
[2019-10-31 10:22:32][6] Failed:     App\Jobs\SyncOneCListDocuments
[2019-10-31 10:22:32][7] Processing: App\Jobs\SyncOneCListDocuments
[2019-10-31 10:22:33][7] Failed:     App\Jobs\SyncOneCListDocuments
[2019-10-31 10:22:33][8] Processing: App\Jobs\SyncOneCListDocuments
[2019-10-31 10:22:33][8] Failed:     App\Jobs\SyncOneCListDocuments
[2019-10-31 10:25:05][9] Processing: App\Jobs\SyncOneCListDocuments
[2019-10-31 10:25:05][9] Failed:     App\Jobs\SyncOneCListDocuments
[2019-10-31 10:30:03][10] Processing: App\Jobs\SyncOneCListDocuments
[2019-10-31 10:30:04][10] Failed:     App\Jobs\SyncOneCListDocuments
[2019-10-31 10:35:03][11] Processing: App\Jobs\SyncOneCListDocuments
[2019-10-31 10:35:03][11] Failed:     App\Jobs\SyncOneCListDocuments
[2019-10-31 10:40:04][12] Processing: App\Jobs\SyncOneCListDocuments
[2019-10-31 10:40:04][12] Failed:     App\Jobs\SyncOneCListDocuments
[2019-10-31 10:45:04][13] Processing: App\Jobs\SyncOneCListDocuments
[2019-10-31 10:45:09][13] Failed:     App\Jobs\SyncOneCListDocuments
[2019-10-31 10:50:03][14] Processing: App\Jobs\SyncOneCListDocuments
[2019-10-31 10:50:03][14] Failed:     App\Jobs\SyncOneCListDocuments
[2019-10-31 10:55:04][15] Processing: App\Jobs\SyncOneCListDocuments
[2019-10-31 10:55:04][15] Failed:     App\Jobs\SyncOneCListDocuments
[2019-10-31 11:00:03][16] Processing: App\Jobs\SyncOneCListDocuments
[2019-10-31 11:00:04][16] Failed:     App\Jobs\SyncOneCListDocuments
[2019-10-31 11:05:04][17] Processing: App\Jobs\SyncOneCListDocuments
[2019-10-31 11:05:04][17] Failed:     App\Jobs\SyncOneCListDocuments
[2019-10-31 11:10:05][18] Processing: App\Jobs\SyncOneCListDocuments
[2019-10-31 11:10:05][18] Failed:     App\Jobs\SyncOneCListDocuments
[2019-10-31 11:15:03][19] Processing: App\Jobs\SyncOneCListDocuments
[2019-10-31 11:15:03][19] Failed:     App\Jobs\SyncOneCListDocuments
[2019-10-31 11:20:04][20] Processing: App\Jobs\SyncOneCListDocuments
[2019-10-31 11:20:04][20] Failed:     App\Jobs\SyncOneCListDocuments
[2019-10-31 11:25:04][21] Processing: App\Jobs\SyncOneCListDocuments
[2019-10-31 11:25:04][21] Failed:     App\Jobs\SyncOneCListDocuments
[2019-10-31 11:30:03][22] Processing: App\Jobs\SyncOneCListDocuments
[2019-10-31 11:30:03][22] Failed:     App\Jobs\SyncOneCListDocuments
[2019-10-31 11:40:41][23] Processing: App\Jobs\SyncOneCListDocuments
[2019-10-31 11:40:41][23] Failed:     App\Jobs\SyncOneCListDocuments
[2019-10-31 11:50:04][24] Processing: App\Jobs\SyncOneCListDocuments
[2019-10-31 11:50:04][24] Failed:     App\Jobs\SyncOneCListDocuments
[2019-10-31 11:55:04][25] Processing: App\Jobs\SyncOneCListDocuments
[2019-10-31 11:55:04][25] Failed:     App\Jobs\SyncOneCListDocuments
[2019-10-31 12:00:04][26] Processing: App\Jobs\SyncOneCListDocuments
[2019-10-31 12:00:04][26] Failed:     App\Jobs\SyncOneCListDocuments
[2019-10-31 12:05:04][27] Processing: App\Jobs\SyncOneCListDocuments
[2019-10-31 12:05:05][27] Failed:     App\Jobs\SyncOneCListDocuments
[2019-10-31 12:10:05][28] Processing: App\Jobs\SyncOneCListDocuments
[2019-10-31 12:10:06][28] Failed:     App\Jobs\SyncOneCListDocuments
[2019-10-31 12:15:04][29] Processing: App\Jobs\SyncOneCListDocuments
[2019-10-31 12:15:04][29] Failed:     App\Jobs\SyncOneCListDocuments
[2019-10-31 12:20:04][30] Processing: App\Jobs\SyncOneCListDocuments
[2019-10-31 12:20:05][30] Failed:     App\Jobs\SyncOneCListDocuments
[2019-10-31 14:30:05][31] Processing: App\Jobs\SyncOneCListDocuments
[2019-10-31 14:30:05][31] Failed:     App\Jobs\SyncOneCListDocuments
[2019-10-31 14:35:04][32] Processing: App\Jobs\SyncOneCListDocuments
[2019-10-31 14:35:04][32] Failed:     App\Jobs\SyncOneCListDocuments
[2019-10-31 14:40:04][33] Processing: App\Jobs\SyncOneCListDocuments
[2019-10-31 14:40:04][33] Failed:     App\Jobs\SyncOneCListDocuments
[2019-10-31 14:45:04][34] Processing: App\Jobs\SyncOneCListDocuments
[2019-10-31 14:45:04][34] Failed:     App\Jobs\SyncOneCListDocuments
[2019-10-31 14:50:04][35] Processing: App\Jobs\SyncOneCListDocuments
[2019-10-31 14:50:04][35] Failed:     App\Jobs\SyncOneCListDocuments
[2019-10-31 14:55:04][36] Processing: App\Jobs\SyncOneCListDocuments
[2019-10-31 14:55:04][36] Failed:     App\Jobs\SyncOneCListDocuments
[2019-10-31 15:00:04][37] Processing: App\Jobs\SyncOneCListDocuments
[2019-10-31 15:00:05][37] Failed:     App\Jobs\SyncOneCListDocuments
[2019-10-31 15:05:04][38] Processing: App\Jobs\SyncOneCListDocuments
[2019-10-31 15:05:04][38] Failed:     App\Jobs\SyncOneCListDocuments
[2019-10-31 15:10:04][39] Processing: App\Jobs\SyncOneCListDocuments
[2019-10-31 15:10:04][39] Failed:     App\Jobs\SyncOneCListDocuments
[2019-10-31 15:15:05][40] Processing: App\Jobs\SyncOneCListDocuments
[2019-10-31 15:15:05][40] Failed:     App\Jobs\SyncOneCListDocuments
[2019-10-31 15:20:04][41] Processing: App\Jobs\SyncOneCListDocuments
[2019-10-31 15:20:04][41] Failed:     App\Jobs\SyncOneCListDocuments
[2019-10-31 15:25:04][42] Processing: App\Jobs\SyncOneCListDocuments
[2019-10-31 15:25:04][42] Failed:     App\Jobs\SyncOneCListDocuments
[2019-10-31 15:30:05][43] Processing: App\Jobs\SyncOneCListDocuments
[2019-10-31 15:30:05][43] Failed:     App\Jobs\SyncOneCListDocuments
[2019-11-01 13:30:04][1] Processing: App\Jobs\SyncOneCListDocuments
[2019-11-01 13:30:04][1] Failed:     App\Jobs\SyncOneCListDocuments
[2019-11-01 13:35:05][2] Processing: App\Jobs\SyncOneCListDocuments
[2019-11-01 13:35:05][2] Failed:     App\Jobs\SyncOneCListDocuments
[2019-11-01 13:40:05][3] Processing: App\Jobs\SyncOneCListDocuments
[2019-11-01 13:40:11][3] Failed:     App\Jobs\SyncOneCListDocuments
[2019-11-01 13:45:03][4] Processing: App\Jobs\SyncOneCListDocuments
[2019-11-01 13:45:03][4] Failed:     App\Jobs\SyncOneCListDocuments
[2019-11-01 13:50:04][5] Processing: App\Jobs\SyncOneCListDocuments
[2019-11-01 13:50:04][5] Failed:     App\Jobs\SyncOneCListDocuments
[2019-11-01 13:55:05][6] Processing: App\Jobs\SyncOneCListDocuments
[2019-11-01 13:55:05][6] Failed:     App\Jobs\SyncOneCListDocuments
[2019-11-01 14:00:05][7] Processing: App\Jobs\SyncOneCListDocuments
[2019-11-01 14:00:05][7] Failed:     App\Jobs\SyncOneCListDocuments
[2019-11-01 14:05:04][8] Processing: App\Jobs\SyncOneCListDocuments
[2019-11-01 14:05:04][8] Failed:     App\Jobs\SyncOneCListDocuments
[2019-11-01 14:10:04][9] Processing: App\Jobs\SyncOneCListDocuments
[2019-11-01 14:10:04][9] Failed:     App\Jobs\SyncOneCListDocuments
[2019-11-01 14:15:03][10] Processing: App\Jobs\SyncOneCListDocuments
[2019-11-01 14:15:04][10] Failed:     App\Jobs\SyncOneCListDocuments
[2019-11-01 14:20:04][11] Processing: App\Jobs\SyncOneCListDocuments
[2019-11-01 14:20:04][11] Failed:     App\Jobs\SyncOneCListDocuments
[2019-11-01 14:25:04][12] Processing: App\Jobs\SyncOneCListDocuments
[2019-11-01 14:25:05][12] Failed:     App\Jobs\SyncOneCListDocuments
[2019-11-01 14:30:04][13] Processing: App\Jobs\SyncOneCListDocuments
[2019-11-01 14:30:04][13] Failed:     App\Jobs\SyncOneCListDocuments
[2019-11-01 14:35:04][14] Processing: App\Jobs\SyncOneCListDocuments
[2019-11-01 14:35:04][14] Failed:     App\Jobs\SyncOneCListDocuments
[2019-11-01 14:40:03][15] Processing: App\Jobs\SyncOneCListDocuments
[2019-11-01 14:40:03][15] Failed:     App\Jobs\SyncOneCListDocuments
[2019-11-01 14:45:05][16] Processing: App\Jobs\SyncOneCListDocuments
[2019-11-01 14:45:05][16] Failed:     App\Jobs\SyncOneCListDocuments
[2019-11-01 14:50:05][17] Processing: App\Jobs\SyncOneCListDocuments
[2019-11-01 14:50:05][17] Failed:     App\Jobs\SyncOneCListDocuments
[2019-11-01 14:55:04][18] Processing: App\Jobs\SyncOneCListDocuments
[2019-11-01 14:55:04][18] Failed:     App\Jobs\SyncOneCListDocuments
[2019-11-01 15:00:04][19] Processing: App\Jobs\SyncOneCListDocuments
[2019-11-01 15:00:04][19] Failed:     App\Jobs\SyncOneCListDocuments
[2019-11-01 15:05:05][20] Processing: App\Jobs\SyncOneCListDocuments
[2019-11-01 15:05:05][20] Failed:     App\Jobs\SyncOneCListDocuments
[2019-11-04 09:30:05][1] Processing: App\Jobs\SyncOneCListDocuments
[2019-11-04 09:30:10][1] Failed:     App\Jobs\SyncOneCListDocuments
[2019-11-04 09:35:04][2] Processing: App\Jobs\SyncOneCListDocuments
[2019-11-04 09:35:05][2] Failed:     App\Jobs\SyncOneCListDocuments
[2019-11-04 09:40:04][3] Processing: App\Jobs\SyncOneCListDocuments
[2019-11-04 09:40:04][3] Failed:     App\Jobs\SyncOneCListDocuments
[2019-11-04 09:45:05][4] Processing: App\Jobs\SyncOneCListDocuments
[2019-11-04 09:45:05][4] Failed:     App\Jobs\SyncOneCListDocuments
[2019-11-04 09:50:04][5] Processing: App\Jobs\SyncOneCListDocuments
[2019-11-04 09:50:10][5] Failed:     App\Jobs\SyncOneCListDocuments
[2019-11-04 09:55:05][6] Processing: App\Jobs\SyncOneCListDocuments
[2019-11-04 09:55:05][6] Failed:     App\Jobs\SyncOneCListDocuments
[2019-11-04 10:00:04][7] Processing: App\Jobs\SyncOneCListDocuments
[2019-11-04 10:00:04][7] Failed:     App\Jobs\SyncOneCListDocuments
[2019-11-04 10:05:04][8] Processing: App\Jobs\SyncOneCListDocuments
[2019-11-04 10:05:04][8] Failed:     App\Jobs\SyncOneCListDocuments
[2019-11-04 10:10:05][9] Processing: App\Jobs\SyncOneCListDocuments
[2019-11-04 10:10:05][9] Failed:     App\Jobs\SyncOneCListDocuments
[2019-11-04 10:15:04][10] Processing: App\Jobs\SyncOneCListDocuments
[2019-11-04 10:15:04][10] Failed:     App\Jobs\SyncOneCListDocuments
[2019-11-04 10:20:04][11] Processing: App\Jobs\SyncOneCListDocuments
[2019-11-04 10:20:04][11] Failed:     App\Jobs\SyncOneCListDocuments
[2019-11-04 10:25:04][12] Processing: App\Jobs\SyncOneCListDocuments
[2019-11-04 10:25:04][12] Failed:     App\Jobs\SyncOneCListDocuments
[2019-11-04 10:30:04][13] Processing: App\Jobs\SyncOneCListDocuments
[2019-11-04 10:30:05][13] Failed:     App\Jobs\SyncOneCListDocuments
[2019-11-04 13:25:04][14] Processing: App\Jobs\SyncOneCListDocuments
[2019-11-04 13:25:04][14] Failed:     App\Jobs\SyncOneCListDocuments
[2019-11-04 13:30:04][15] Processing: App\Jobs\SyncOneCListDocuments
[2019-11-04 13:30:04][15] Failed:     App\Jobs\SyncOneCListDocuments
[2019-11-04 13:35:04][16] Processing: App\Jobs\SyncOneCListDocuments
[2019-11-04 13:35:04][16] Failed:     App\Jobs\SyncOneCListDocuments
[2019-11-04 13:40:04][17] Processing: App\Jobs\SyncOneCListDocuments
[2019-11-04 13:40:04][17] Failed:     App\Jobs\SyncOneCListDocuments
[2019-11-04 13:45:05][18] Processing: App\Jobs\SyncOneCListDocuments
[2019-11-04 13:45:05][18] Failed:     App\Jobs\SyncOneCListDocuments
[2019-11-04 13:50:05][19] Processing: App\Jobs\SyncOneCListDocuments
[2019-11-04 13:50:05][19] Failed:     App\Jobs\SyncOneCListDocuments
[2019-11-04 13:55:04][20] Processing: App\Jobs\SyncOneCListDocuments
[2019-11-04 13:55:04][20] Failed:     App\Jobs\SyncOneCListDocuments
[2019-11-04 14:00:04][21] Processing: App\Jobs\SyncOneCListDocuments
[2019-11-04 14:00:04][21] Failed:     App\Jobs\SyncOneCListDocuments
[2019-11-04 14:05:04][22] Processing: App\Jobs\SyncOneCListDocuments
[2019-11-04 14:05:05][22] Failed:     App\Jobs\SyncOneCListDocuments
[2019-11-04 14:10:04][23] Processing: App\Jobs\SyncOneCListDocuments
[2019-11-04 14:10:04][23] Failed:     App\Jobs\SyncOneCListDocuments
[2019-11-04 14:15:04][24] Processing: App\Jobs\SyncOneCListDocuments
[2019-11-04 14:15:04][24] Failed:     App\Jobs\SyncOneCListDocuments
[2019-11-04 14:20:04][25] Processing: App\Jobs\SyncOneCListDocuments
[2019-11-04 14:20:04][25] Failed:     App\Jobs\SyncOneCListDocuments
[2019-11-04 14:25:04][26] Processing: App\Jobs\SyncOneCListDocuments
[2019-11-04 14:25:04][26] Failed:     App\Jobs\SyncOneCListDocuments
[2019-11-04 14:30:04][27] Processing: App\Jobs\SyncOneCListDocuments
[2019-11-04 14:30:05][27] Failed:     App\Jobs\SyncOneCListDocuments
[2019-11-04 14:35:05][28] Processing: App\Jobs\SyncOneCListDocuments
[2019-11-04 14:35:05][28] Failed:     App\Jobs\SyncOneCListDocuments
[2019-11-04 14:40:05][29] Processing: App\Jobs\SyncOneCListDocuments
[2019-11-04 14:40:05][29] Failed:     App\Jobs\SyncOneCListDocuments
[2019-11-04 14:45:05][30] Processing: App\Jobs\SyncOneCListDocuments
[2019-11-04 14:45:05][30] Failed:     App\Jobs\SyncOneCListDocuments
[2019-11-04 14:50:04][31] Processing: App\Jobs\SyncOneCListDocuments
[2019-11-04 14:50:04][31] Failed:     App\Jobs\SyncOneCListDocuments
[2019-11-04 14:55:04][32] Processing: App\Jobs\SyncOneCListDocuments
[2019-11-04 14:55:04][32] Failed:     App\Jobs\SyncOneCListDocuments
[2019-11-04 15:00:05][33] Processing: App\Jobs\SyncOneCListDocuments
[2019-11-04 15:00:05][33] Failed:     App\Jobs\SyncOneCListDocuments
[2019-11-04 15:05:04][34] Processing: App\Jobs\SyncOneCListDocuments
[2019-11-04 15:05:04][34] Failed:     App\Jobs\SyncOneCListDocuments
[2019-11-05 11:30:06][1] Processing: App\Jobs\SyncOneCListDocuments
[2019-11-05 11:30:06][1] Failed:     App\Jobs\SyncOneCListDocuments
[2019-11-05 11:35:05][2] Processing: App\Jobs\SyncOneCListDocuments
[2019-11-05 11:35:05][2] Failed:     App\Jobs\SyncOneCListDocuments
[2019-11-05 11:40:04][3] Processing: App\Jobs\SyncOneCListDocuments
[2019-11-05 11:40:04][3] Failed:     App\Jobs\SyncOneCListDocuments
[2019-11-05 11:45:04][4] Processing: App\Jobs\SyncOneCListDocuments
[2019-11-05 11:45:04][4] Failed:     App\Jobs\SyncOneCListDocuments
[2019-11-05 11:50:05][5] Processing: App\Jobs\SyncOneCListDocuments
[2019-11-05 11:50:10][5] Failed:     App\Jobs\SyncOneCListDocuments
[2019-11-05 11:55:04][6] Processing: App\Jobs\SyncOneCListDocuments
[2019-11-05 11:55:04][6] Failed:     App\Jobs\SyncOneCListDocuments
[2019-11-05 12:00:04][7] Processing: App\Jobs\SyncOneCListDocuments
[2019-11-05 12:00:04][7] Failed:     App\Jobs\SyncOneCListDocuments
[2019-11-05 12:05:04][8] Processing: App\Jobs\SyncOneCListDocuments
[2019-11-05 12:05:04][8] Failed:     App\Jobs\SyncOneCListDocuments
[2019-11-05 12:10:04][9] Processing: App\Jobs\SyncOneCListDocuments
[2019-11-05 12:10:05][9] Failed:     App\Jobs\SyncOneCListDocuments
[2019-11-05 12:15:04][10] Processing: App\Jobs\SyncOneCListDocuments
[2019-11-05 12:15:04][10] Failed:     App\Jobs\SyncOneCListDocuments
[2019-11-05 12:50:05][11] Processing: App\Jobs\SyncOneCListDocuments
[2019-11-05 12:50:05][11] Failed:     App\Jobs\SyncOneCListDocuments
[2019-11-05 12:55:05][12] Processing: App\Jobs\SyncOneCListDocuments
[2019-11-05 12:55:05][12] Failed:     App\Jobs\SyncOneCListDocuments
[2019-11-05 13:00:04][13] Processing: App\Jobs\SyncOneCListDocuments
[2019-11-05 13:00:04][13] Failed:     App\Jobs\SyncOneCListDocuments
[2019-11-05 13:05:05][14] Processing: App\Jobs\SyncOneCListDocuments
[2019-11-05 13:05:05][14] Failed:     App\Jobs\SyncOneCListDocuments
[2019-11-05 13:10:04][15] Processing: App\Jobs\SyncOneCListDocuments
[2019-11-05 13:10:04][15] Failed:     App\Jobs\SyncOneCListDocuments
[2019-11-07 09:15:35][1] Processing: App\Jobs\SyncOneCListDocuments
[2019-11-07 09:15:41][1] Processed:  App\Jobs\SyncOneCListDocuments
[2019-11-07 09:20:05][2] Processing: App\Jobs\SyncOneCListDocuments
[2019-11-07 09:20:11][2] Processed:  App\Jobs\SyncOneCListDocuments
[2019-11-07 09:25:05][3] Processing: App\Jobs\SyncOneCListDocuments
[2019-11-07 09:25:11][3] Processed:  App\Jobs\SyncOneCListDocuments
[2019-11-07 09:30:05][4] Processing: App\Jobs\SyncOneCListDocuments
[2019-11-07 09:30:16][4] Processed:  App\Jobs\SyncOneCListDocuments
[2019-11-07 09:35:05][5] Processing: App\Jobs\SyncOneCListDocuments
[2019-11-07 09:35:10][5] Processed:  App\Jobs\SyncOneCListDocuments
[2019-11-07 09:40:06][6] Processing: App\Jobs\SyncOneCListDocuments
[2019-11-07 09:40:11][6] Processed:  App\Jobs\SyncOneCListDocuments
[2019-11-07 09:45:04][7] Processing: App\Jobs\SyncOneCListDocuments
[2019-11-07 09:45:11][7] Processed:  App\Jobs\SyncOneCListDocuments
[2019-11-07 09:50:06][8] Processing: App\Jobs\SyncOneCListDocuments
[2019-11-07 09:50:11][8] Processed:  App\Jobs\SyncOneCListDocuments
[2019-11-07 09:55:04][9] Processing: App\Jobs\SyncOneCListDocuments
[2019-11-07 09:55:10][9] Processed:  App\Jobs\SyncOneCListDocuments
[2019-11-07 10:00:04][10] Processing: App\Jobs\SyncOneCListDocuments
[2019-11-07 10:00:10][10] Processed:  App\Jobs\SyncOneCListDocuments
[2019-11-07 10:05:05][11] Processing: App\Jobs\SyncOneCListDocuments
[2019-11-07 10:05:11][11] Processed:  App\Jobs\SyncOneCListDocuments
[2019-11-07 10:10:04][12] Processing: App\Jobs\SyncOneCListDocuments
[2019-11-07 10:10:12][12] Processed:  App\Jobs\SyncOneCListDocuments
[2019-11-07 10:15:05][13] Processing: App\Jobs\SyncOneCListDocuments
[2019-11-07 10:15:12][13] Processed:  App\Jobs\SyncOneCListDocuments
[2019-11-14 10:20:19][1] Processing: App\Jobs\SyncOneCListDocuments
[2019-11-14 10:20:25][1] Processed:  App\Jobs\SyncOneCListDocuments
[2019-11-14 10:25:04][2] Processing: App\Jobs\SyncOneCListDocuments
[2019-11-14 10:25:09][2] Processed:  App\Jobs\SyncOneCListDocuments
[2019-11-14 10:30:04][3] Processing: App\Jobs\SyncOneCListDocuments
[2019-11-14 10:30:10][3] Processed:  App\Jobs\SyncOneCListDocuments
[2019-11-14 10:35:03][4] Processing: App\Jobs\SyncOneCListDocuments
[2019-11-14 10:35:19][4] Processed:  App\Jobs\SyncOneCListDocuments
[2019-11-14 10:40:04][5] Processing: App\Jobs\SyncOneCListDocuments
[2019-11-14 10:40:12][5] Processed:  App\Jobs\SyncOneCListDocuments
[2019-11-14 10:45:04][6] Processing: App\Jobs\SyncOneCListDocuments
[2019-11-14 10:45:10][6] Processed:  App\Jobs\SyncOneCListDocuments
[2019-11-14 10:50:04][7] Processing: App\Jobs\SyncOneCListDocuments
[2019-11-14 10:50:10][7] Processed:  App\Jobs\SyncOneCListDocuments
[2019-11-14 10:55:04][8] Processing: App\Jobs\SyncOneCListDocuments
[2019-11-14 10:55:10][8] Processed:  App\Jobs\SyncOneCListDocuments
[2019-11-14 11:00:05][9] Processing: App\Jobs\SyncOneCListDocuments
[2019-11-14 11:00:11][9] Processed:  App\Jobs\SyncOneCListDocuments
[2019-11-14 11:05:05][10] Processing: App\Jobs\SyncOneCListDocuments
[2019-11-14 11:05:11][10] Processed:  App\Jobs\SyncOneCListDocuments
[2019-11-14 11:10:05][11] Processing: App\Jobs\SyncOneCListDocuments
[2019-11-14 11:10:10][11] Processed:  App\Jobs\SyncOneCListDocuments
[2019-11-14 11:15:04][12] Processing: App\Jobs\SyncOneCListDocuments
[2019-11-14 11:15:10][12] Processed:  App\Jobs\SyncOneCListDocuments
[2019-11-14 11:20:04][13] Processing: App\Jobs\SyncOneCListDocuments
[2019-11-14 11:20:10][13] Processed:  App\Jobs\SyncOneCListDocuments
[2019-11-14 11:25:04][14] Processing: App\Jobs\SyncOneCListDocuments
[2019-11-14 11:25:11][14] Processed:  App\Jobs\SyncOneCListDocuments
[2019-11-14 11:30:04][15] Processing: App\Jobs\SyncOneCListDocuments
[2019-11-14 11:30:11][15] Processed:  App\Jobs\SyncOneCListDocuments
[2019-11-14 11:35:03][16] Processing: App\Jobs\SyncOneCListDocuments
[2019-11-14 11:35:09][16] Processed:  App\Jobs\SyncOneCListDocuments
[2019-11-14 11:40:05][17] Processing: App\Jobs\SyncOneCListDocuments
[2019-11-14 11:40:11][17] Processed:  App\Jobs\SyncOneCListDocuments
[2019-11-14 11:45:04][18] Processing: App\Jobs\SyncOneCListDocuments
[2019-11-14 11:45:10][18] Processed:  App\Jobs\SyncOneCListDocuments
[2019-11-14 11:50:05][19] Processing: App\Jobs\SyncOneCListDocuments
[2019-11-14 11:50:10][19] Processed:  App\Jobs\SyncOneCListDocuments
[2019-11-14 11:55:04][20] Processing: App\Jobs\SyncOneCListDocuments
[2019-11-14 11:55:10][20] Processed:  App\Jobs\SyncOneCListDocuments
[2019-11-14 12:00:04][21] Processing: App\Jobs\SyncOneCListDocuments
[2019-11-14 12:00:10][21] Processed:  App\Jobs\SyncOneCListDocuments
[2019-11-14 12:30:03][22] Processing: App\Jobs\SyncOneCListDocuments
[2019-11-14 12:30:26][22] Processed:  App\Jobs\SyncOneCListDocuments
[2019-11-14 12:35:04][23] Processing: App\Jobs\SyncOneCListDocuments
[2019-11-14 12:35:10][23] Processed:  App\Jobs\SyncOneCListDocuments
[2019-11-14 12:40:04][24] Processing: App\Jobs\SyncOneCListDocuments
[2019-11-14 12:40:09][24] Processed:  App\Jobs\SyncOneCListDocuments
[2019-11-14 12:45:04][25] Processing: App\Jobs\SyncOneCListDocuments
[2019-11-14 12:45:10][25] Processed:  App\Jobs\SyncOneCListDocuments
[2019-11-14 12:50:05][26] Processing: App\Jobs\SyncOneCListDocuments
[2019-11-14 12:50:11][26] Processed:  App\Jobs\SyncOneCListDocuments
[2019-11-14 12:55:04][27] Processing: App\Jobs\SyncOneCListDocuments
[2019-11-14 12:55:11][27] Processed:  App\Jobs\SyncOneCListDocuments
[2019-11-14 13:00:04][28] Processing: App\Jobs\SyncOneCListDocuments
[2019-11-14 13:00:09][28] Processed:  App\Jobs\SyncOneCListDocuments
[2019-11-14 13:05:04][29] Processing: App\Jobs\SyncOneCListDocuments
[2019-11-14 13:05:11][29] Processed:  App\Jobs\SyncOneCListDocuments
[2019-11-14 13:10:03][30] Processing: App\Jobs\SyncOneCListDocuments
[2019-11-14 13:10:09][30] Processed:  App\Jobs\SyncOneCListDocuments
[2019-11-14 13:15:04][31] Processing: App\Jobs\SyncOneCListDocuments
[2019-11-14 13:15:11][31] Processed:  App\Jobs\SyncOneCListDocuments
[2019-11-14 13:20:05][32] Processing: App\Jobs\SyncOneCListDocuments
[2019-11-14 13:20:31][32] Processed:  App\Jobs\SyncOneCListDocuments
[2019-11-14 13:25:04][33] Processing: App\Jobs\SyncOneCListDocuments
[2019-11-14 13:25:10][33] Processed:  App\Jobs\SyncOneCListDocuments
[2019-11-19 11:05:06][1] Processing: App\Jobs\SyncOneCListDocuments
[2019-11-19 11:05:11][1] Processed:  App\Jobs\SyncOneCListDocuments
[2019-11-19 11:10:05][2] Processing: App\Jobs\SyncOneCListDocuments
[2019-11-19 11:10:09][2] Processed:  App\Jobs\SyncOneCListDocuments
[2019-11-19 11:15:06][3] Processing: App\Jobs\SyncOneCListDocuments
[2019-11-19 11:15:10][3] Processed:  App\Jobs\SyncOneCListDocuments
[2019-11-19 11:20:04][4] Processing: App\Jobs\SyncOneCListDocuments
[2019-11-19 11:20:14][4] Processed:  App\Jobs\SyncOneCListDocuments
[2019-11-21 19:00:05][1] Processing: App\Jobs\SyncOneCListDocuments
[2019-11-21 19:00:06][1] Failed:     App\Jobs\SyncOneCListDocuments
[2019-11-21 19:05:04][2] Processing: App\Jobs\SyncOneCListDocuments
[2019-11-21 19:05:05][2] Failed:     App\Jobs\SyncOneCListDocuments
[2019-11-21 19:10:04][3] Processing: App\Jobs\SyncOneCListDocuments
[2019-11-21 19:10:05][3] Failed:     App\Jobs\SyncOneCListDocuments
[2019-11-21 19:15:04][4] Processing: App\Jobs\SyncOneCListDocuments
[2019-11-21 19:15:04][4] Failed:     App\Jobs\SyncOneCListDocuments
[2019-11-21 19:20:05][5] Processing: App\Jobs\SyncOneCListDocuments
[2019-11-21 19:20:05][5] Failed:     App\Jobs\SyncOneCListDocuments
[2019-11-21 19:25:05][6] Processing: App\Jobs\SyncOneCListDocuments
[2019-11-21 19:25:05][6] Failed:     App\Jobs\SyncOneCListDocuments
[2019-11-22 09:50:45][1] Processing: App\Jobs\SyncOneCListDocuments
[2019-11-22 09:50:46][1] Failed:     App\Jobs\SyncOneCListDocuments
[2019-11-22 09:55:05][2] Processing: App\Jobs\SyncOneCListDocuments
[2019-11-22 09:55:11][2] Failed:     App\Jobs\SyncOneCListDocuments
[2019-11-22 10:00:05][3] Processing: App\Jobs\SyncOneCListDocuments
[2019-11-22 10:00:05][3] Failed:     App\Jobs\SyncOneCListDocuments
[2019-11-22 10:05:05][4] Processing: App\Jobs\SyncOneCListDocuments
[2019-11-22 10:05:11][4] Failed:     App\Jobs\SyncOneCListDocuments
[2019-11-22 10:10:04][5] Processing: App\Jobs\SyncOneCListDocuments
[2019-11-22 10:10:05][5] Failed:     App\Jobs\SyncOneCListDocuments
[2019-11-22 10:15:04][6] Processing: App\Jobs\SyncOneCListDocuments
[2019-11-22 10:15:40][6] Failed:     App\Jobs\SyncOneCListDocuments
[2019-11-22 10:20:03][7] Processing: App\Jobs\SyncOneCListDocuments
[2019-11-22 10:20:04][7] Failed:     App\Jobs\SyncOneCListDocuments
[2019-11-22 10:25:06][8] Processing: App\Jobs\SyncOneCListDocuments
[2019-11-22 10:25:06][8] Failed:     App\Jobs\SyncOneCListDocuments
[2019-11-22 10:30:06][9] Processing: App\Jobs\SyncOneCListDocuments
[2019-11-22 10:30:07][9] Failed:     App\Jobs\SyncOneCListDocuments
[2019-11-22 10:35:04][10] Processing: App\Jobs\SyncOneCListDocuments
[2019-11-22 10:35:04][10] Failed:     App\Jobs\SyncOneCListDocuments
[2019-11-22 10:40:10][11] Processing: App\Jobs\SyncOneCListDocuments
[2019-11-22 10:40:10][11] Failed:     App\Jobs\SyncOneCListDocuments
[2019-11-22 10:45:05][12] Processing: App\Jobs\SyncOneCListDocuments
[2019-11-22 10:45:10][12] Failed:     App\Jobs\SyncOneCListDocuments
[2019-11-22 10:50:03][13] Processing: App\Jobs\SyncOneCListDocuments
[2019-11-22 10:50:04][13] Failed:     App\Jobs\SyncOneCListDocuments
[2019-11-22 10:55:05][14] Processing: App\Jobs\SyncOneCListDocuments
[2019-11-22 10:56:20][14] Failed:     App\Jobs\SyncOneCListDocuments
[2019-11-25 13:25:05][1] Processing: App\Jobs\SyncOneCListDocuments
[2019-11-25 13:25:06][1] Failed:     App\Jobs\SyncOneCListDocuments
[2019-11-25 13:30:04][2] Processing: App\Jobs\SyncOneCListDocuments
[2019-11-25 13:30:05][2] Failed:     App\Jobs\SyncOneCListDocuments
[2019-11-25 13:35:04][1] Processing: App\Jobs\SyncOneCListDocuments
[2019-11-25 13:35:05][1] Failed:     App\Jobs\SyncOneCListDocuments
[2019-11-25 13:40:04][2] Processing: App\Jobs\SyncOneCListDocuments
[2019-11-25 13:40:05][2] Failed:     App\Jobs\SyncOneCListDocuments
[2019-11-25 13:45:05][3] Processing: App\Jobs\SyncOneCListDocuments
[2019-11-25 13:45:11][3] Failed:     App\Jobs\SyncOneCListDocuments
[2019-11-25 13:50:04][4] Processing: App\Jobs\SyncOneCListDocuments
[2019-11-25 13:50:05][4] Failed:     App\Jobs\SyncOneCListDocuments
[2019-11-25 13:55:04][5] Processing: App\Jobs\SyncOneCListDocuments
[2019-11-25 13:55:05][5] Failed:     App\Jobs\SyncOneCListDocuments
[2019-11-25 14:00:05][6] Processing: App\Jobs\SyncOneCListDocuments
[2019-11-25 14:00:06][6] Failed:     App\Jobs\SyncOneCListDocuments
[2019-11-25 14:05:05][7] Processing: App\Jobs\SyncOneCListDocuments
[2019-11-25 14:05:05][7] Failed:     App\Jobs\SyncOneCListDocuments
[2019-11-25 14:10:05][8] Processing: App\Jobs\SyncOneCListDocuments
[2019-11-25 14:10:06][8] Failed:     App\Jobs\SyncOneCListDocuments
[2019-11-25 14:15:04][9] Processing: App\Jobs\SyncOneCListDocuments
[2019-11-25 14:15:05][9] Failed:     App\Jobs\SyncOneCListDocuments
[2019-11-25 14:20:04][10] Processing: App\Jobs\SyncOneCListDocuments
[2019-11-25 14:20:04][10] Failed:     App\Jobs\SyncOneCListDocuments
[2019-11-25 14:25:06][11] Processing: App\Jobs\SyncOneCListDocuments
[2019-11-25 14:25:07][11] Failed:     App\Jobs\SyncOneCListDocuments
[2019-11-25 14:30:05][12] Processing: App\Jobs\SyncOneCListDocuments
[2019-11-25 14:30:08][12] Failed:     App\Jobs\SyncOneCListDocuments
[2019-11-25 14:35:04][13] Processing: App\Jobs\SyncOneCListDocuments
[2019-11-25 14:35:05][13] Failed:     App\Jobs\SyncOneCListDocuments
[2019-11-25 14:40:04][14] Processing: App\Jobs\SyncOneCListDocuments
[2019-11-25 14:40:05][14] Failed:     App\Jobs\SyncOneCListDocuments
[2019-11-25 14:45:05][15] Processing: App\Jobs\SyncOneCListDocuments
[2019-11-25 14:45:05][15] Failed:     App\Jobs\SyncOneCListDocuments
[2019-11-25 14:50:04][16] Processing: App\Jobs\SyncOneCListDocuments
[2019-11-25 14:50:05][16] Failed:     App\Jobs\SyncOneCListDocuments
[2019-11-25 14:55:04][17] Processing: App\Jobs\SyncOneCListDocuments
[2019-11-25 14:55:05][17] Failed:     App\Jobs\SyncOneCListDocuments
[2019-11-25 15:00:04][18] Processing: App\Jobs\SyncOneCListDocuments
[2019-11-25 15:00:05][18] Failed:     App\Jobs\SyncOneCListDocuments
[2019-11-25 15:05:05][19] Processing: App\Jobs\SyncOneCListDocuments
[2019-11-25 15:05:05][19] Failed:     App\Jobs\SyncOneCListDocuments
[2019-11-25 15:10:05][20] Processing: App\Jobs\SyncOneCListDocuments
[2019-11-25 15:10:06][20] Failed:     App\Jobs\SyncOneCListDocuments
[2019-11-25 15:15:04][21] Processing: App\Jobs\SyncOneCListDocuments
[2019-11-25 15:15:05][21] Failed:     App\Jobs\SyncOneCListDocuments
[2019-11-25 15:20:04][22] Processing: App\Jobs\SyncOneCListDocuments
[2019-11-25 15:20:05][22] Failed:     App\Jobs\SyncOneCListDocuments
[2019-11-26 15:35:05][1] Processing: App\Jobs\SyncOneCListDocuments
[2019-11-26 15:35:05][1] Failed:     App\Jobs\SyncOneCListDocuments
[2019-11-26 15:40:05][2] Processing: App\Jobs\SyncOneCListDocuments
[2019-11-26 15:40:05][2] Failed:     App\Jobs\SyncOneCListDocuments
[2019-11-26 15:45:05][3] Processing: App\Jobs\SyncOneCListDocuments
[2019-11-26 15:45:12][3] Failed:     App\Jobs\SyncOneCListDocuments
[2019-11-26 15:50:04][4] Processing: App\Jobs\SyncOneCListDocuments
[2019-11-26 15:50:04][4] Failed:     App\Jobs\SyncOneCListDocuments
[2019-11-26 15:55:04][5] Processing: App\Jobs\SyncOneCListDocuments
[2019-11-26 15:55:05][5] Failed:     App\Jobs\SyncOneCListDocuments
[2019-11-26 16:00:04][6] Processing: App\Jobs\SyncOneCListDocuments
[2019-11-26 16:00:04][6] Failed:     App\Jobs\SyncOneCListDocuments
